<?xml version="1.0" encoding="UTF-8"?>
<!-- Generated by org.testng.reporters.JUnitReportReporter -->
<testsuite hostname="LAPTOP-NNL36FNM" failures="0" tests="1" name="com.ash.tests.EndTOEnd" time="28.828" errors="0" timestamp="2025-06-02T10:18:02 IST" skipped="0">
  <testcase classname="com.ash.tests.EndTOEnd" name="endTOend" time="28.828"/>
</testsuite> <!-- com.ash.tests.EndTOEnd -->
