<?xml version="1.0" encoding="UTF-8"?>
<!-- Generated by org.testng.reporters.JUnitReportReporter -->
<testsuite hostname="LAPTOP-NNL36FNM" failures="0" tests="1" name="com.ash.tests.EndTOEnd" time="30.971" errors="0" timestamp="2025-06-01T07:20:04 IST" skipped="0">
  <testcase classname="com.ash.tests.EndTOEnd" name="endTOend" time="30.971"/>
</testsuite> <!-- com.ash.tests.EndTOEnd -->
