<?xml version="1.0" encoding="UTF-8"?>
<!-- Generated by org.testng.reporters.JUnitReportReporter -->
<testsuite hostname="LAPTOP-NNL36FNM" failures="0" tests="2" name="com.ash.tests.EndTOEnd2" time="48.845" errors="0" timestamp="2025-05-28T23:20:21 IST" skipped="0">
  <testcase classname="com.ash.tests.EndTOEnd2" name="endTOend" time="25.402"/>
  <testcase classname="com.ash.tests.EndTOEnd2" name="endTOend" time="23.443"/>
</testsuite> <!-- com.ash.tests.EndTOEnd2 -->
