<?xml version="1.0" encoding="UTF-8"?>
<!-- Generated by org.testng.reporters.JUnitReportReporter -->
<testsuite hostname="LAPTOP-NNL36FNM" failures="0" tests="1" name="com.ash.tests.EndTOEnd" time="25.531" errors="0" timestamp="2025-05-31T13:13:52 IST" skipped="0">
  <testcase classname="com.ash.tests.EndTOEnd" name="endTOend" time="25.531"/>
</testsuite> <!-- com.ash.tests.EndTOEnd -->
